<?xml version="1.0" encoding="UTF-8"?>
<robot generator="Robot 7.0.1 (Python 3.12.4 on win32)" generated="2024-09-02T11:45:52.299214" rpa="false" schemaversion="5">
<suite id="s1" name="User Keyword" source="C:\Users\Eepe\Documents\Week4\Code\Keywords\tests\user_keyword.robot">
<test id="s1-t1" name="Testaa Hello" line="5">
<kw name="Hello" owner="hello">
<return>
<value>Hello World!</value>
<status status="PASS" start="2024-09-02T11:45:52.326953" elapsed="0.000000"/>
</return>
<status status="PASS" start="2024-09-02T11:45:52.326953" elapsed="0.000000"/>
</kw>
<status status="PASS" start="2024-09-02T11:45:52.325945" elapsed="0.001008"/>
</test>
<status status="PASS" start="2024-09-02T11:45:52.300224" elapsed="0.027724"/>
</suite>
<statistics>
<total>
<stat pass="1" fail="0" skip="0">All Tests</stat>
</total>
<tag>
</tag>
<suite>
<stat pass="1" fail="0" skip="0" id="s1" name="User Keyword">User Keyword</stat>
</suite>
</statistics>
<errors>
</errors>
</robot>
